Determining if the pthread_create exist failed with the following output:
Change Dir: /home/socrob/space_cobot_ws/src/space_cobot_controller/cmake-build-debug/CMakeFiles/CMakeTmp

Run Build Command:"/usr/bin/make" "cmTC_7f2f4/fast"
/usr/bin/make -f CMakeFiles/cmTC_7f2f4.dir/build.make CMakeFiles/cmTC_7f2f4.dir/build
make[1]: Entering directory '/home/socrob/space_cobot_ws/src/space_cobot_controller/cmake-build-debug/CMakeFiles/CMakeTmp'
Building C object CMakeFiles/cmTC_7f2f4.dir/CheckSymbolExists.c.o
/usr/bin/cc    -o CMakeFiles/cmTC_7f2f4.dir/CheckSymbolExists.c.o   -c /home/socrob/space_cobot_ws/src/space_cobot_controller/cmake-build-debug/CMakeFiles/CMakeTmp/CheckSymbolExists.c
Linking C executable cmTC_7f2f4
/opt/clion-2018.3/bin/cmake/linux/bin/cmake -E cmake_link_script CMakeFiles/cmTC_7f2f4.dir/link.txt --verbose=1
/usr/bin/cc      -rdynamic CMakeFiles/cmTC_7f2f4.dir/CheckSymbolExists.c.o  -o cmTC_7f2f4 
CMakeFiles/cmTC_7f2f4.dir/CheckSymbolExists.c.o: In function `main':
CheckSymbolExists.c:(.text+0x16): undefined reference to `pthread_create'
collect2: error: ld returned 1 exit status
CMakeFiles/cmTC_7f2f4.dir/build.make:86: recipe for target 'cmTC_7f2f4' failed
make[1]: *** [cmTC_7f2f4] Error 1
make[1]: Leaving directory '/home/socrob/space_cobot_ws/src/space_cobot_controller/cmake-build-debug/CMakeFiles/CMakeTmp'
Makefile:121: recipe for target 'cmTC_7f2f4/fast' failed
make: *** [cmTC_7f2f4/fast] Error 2

File /home/socrob/space_cobot_ws/src/space_cobot_controller/cmake-build-debug/CMakeFiles/CMakeTmp/CheckSymbolExists.c:
/* */
#include <pthread.h>

int main(int argc, char** argv)
{
  (void)argv;
#ifndef pthread_create
  return ((int*)(&pthread_create))[argc];
#else
  (void)argc;
  return 0;
#endif
}

Determining if the function pthread_create exists in the pthreads failed with the following output:
Change Dir: /home/socrob/space_cobot_ws/src/space_cobot_controller/cmake-build-debug/CMakeFiles/CMakeTmp

Run Build Command:"/usr/bin/make" "cmTC_2df21/fast"
/usr/bin/make -f CMakeFiles/cmTC_2df21.dir/build.make CMakeFiles/cmTC_2df21.dir/build
make[1]: Entering directory '/home/socrob/space_cobot_ws/src/space_cobot_controller/cmake-build-debug/CMakeFiles/CMakeTmp'
Building C object CMakeFiles/cmTC_2df21.dir/CheckFunctionExists.c.o
/usr/bin/cc   -DCHECK_FUNCTION_EXISTS=pthread_create   -o CMakeFiles/cmTC_2df21.dir/CheckFunctionExists.c.o   -c /opt/clion-2018.3/bin/cmake/linux/share/cmake-3.12/Modules/CheckFunctionExists.c
Linking C executable cmTC_2df21
/opt/clion-2018.3/bin/cmake/linux/bin/cmake -E cmake_link_script CMakeFiles/cmTC_2df21.dir/link.txt --verbose=1
/usr/bin/cc  -DCHECK_FUNCTION_EXISTS=pthread_create    -rdynamic CMakeFiles/cmTC_2df21.dir/CheckFunctionExists.c.o  -o cmTC_2df21 -lpthreads 
/usr/bin/ld: cannot find -lpthreads
collect2: error: ld returned 1 exit status
CMakeFiles/cmTC_2df21.dir/build.make:86: recipe for target 'cmTC_2df21' failed
make[1]: *** [cmTC_2df21] Error 1
make[1]: Leaving directory '/home/socrob/space_cobot_ws/src/space_cobot_controller/cmake-build-debug/CMakeFiles/CMakeTmp'
Makefile:121: recipe for target 'cmTC_2df21/fast' failed
make: *** [cmTC_2df21/fast] Error 2


